ZEPPELIN_CLASSPATH: ::/opt/zeppelin-0.9.0-preview1-bin-all/lib/*:/opt/zeppelin-0.9.0-preview1-bin-all/*::/opt/zeppelin-0.9.0-preview1-bin-all/conf
Java HotSpot(TM) 64-Bit Server VM warning: ignoring option MaxPermSize=512m; support was removed in 8.0
 WARN [2020-10-28 14:19:47,819] ({main} ZeppelinConfiguration.java[create]:159) - Failed to load configuration, proceeding with a default
 INFO [2020-10-28 14:19:48,015] ({main} ZeppelinConfiguration.java[create]:171) - Server Host: 172.29.0.6
 INFO [2020-10-28 14:19:48,023] ({main} ZeppelinConfiguration.java[create]:173) - Server Port: 8080
 INFO [2020-10-28 14:19:48,024] ({main} ZeppelinConfiguration.java[create]:177) - Context Path: /
 INFO [2020-10-28 14:19:48,024] ({main} ZeppelinConfiguration.java[create]:178) - Zeppelin Version: 0.9.0-preview1
 INFO [2020-10-28 14:19:48,103] ({main} Log.java[initialized]:193) - Logging initialized @1791ms to org.eclipse.jetty.util.log.Slf4jLog
ZEPPELIN_CLASSPATH: ::/opt/zeppelin-0.9.0-preview1-bin-all/lib/*:/opt/zeppelin-0.9.0-preview1-bin-all/*::/opt/zeppelin-0.9.0-preview1-bin-all/conf
Java HotSpot(TM) 64-Bit Server VM warning: ignoring option MaxPermSize=512m; support was removed in 8.0
 WARN [2020-10-28 14:21:02,764] ({main} ZeppelinConfiguration.java[create]:159) - Failed to load configuration, proceeding with a default
 INFO [2020-10-28 14:21:02,831] ({main} ZeppelinConfiguration.java[create]:171) - Server Host: 172.29.0.6
 INFO [2020-10-28 14:21:02,831] ({main} ZeppelinConfiguration.java[create]:173) - Server Port: 8080
 INFO [2020-10-28 14:21:02,832] ({main} ZeppelinConfiguration.java[create]:177) - Context Path: /
 INFO [2020-10-28 14:21:02,832] ({main} ZeppelinConfiguration.java[create]:178) - Zeppelin Version: 0.9.0-preview1
 INFO [2020-10-28 14:21:02,853] ({main} Log.java[initialized]:193) - Logging initialized @528ms to org.eclipse.jetty.util.log.Slf4jLog
 WARN [2020-10-28 14:21:03,156] ({main} ZeppelinConfiguration.java[getConfigFSDir]:631) - zeppelin.config.fs.dir is not specified, fall back to local conf directory zeppelin.conf.dir
 INFO [2020-10-28 14:21:03,188] ({main} Credentials.java[loadFromFile]:121) - /opt/zeppelin-0.9.0-preview1-bin-all/conf/credentials.json
 INFO [2020-10-28 14:21:03,218] ({ImmediateThread-1603894863151} PluginManager.java[loadNotebookRepo]:60) - Loading NotebookRepo Plugin: org.apache.zeppelin.notebook.repo.GitNotebookRepo
 INFO [2020-10-28 14:21:03,363] ({ImmediateThread-1603894863151} VFSNotebookRepo.java[setNotebookDirectory]:70) - Using notebookDir: /opt/zeppelin-0.9.0-preview1-bin-all/notebook
 INFO [2020-10-28 14:21:03,448] ({main} ZeppelinServer.java[setupWebAppContext]:488) - warPath is: /opt/zeppelin-0.9.0-preview1-bin-all/zeppelin-web-0.9.0-preview1.war
 INFO [2020-10-28 14:21:03,452] ({main} ZeppelinServer.java[setupWebAppContext]:501) - ZeppelinServer Webapp path: /opt/zeppelin-0.9.0-preview1-bin-all/webapps
 INFO [2020-10-28 14:21:03,499] ({main} ZeppelinServer.java[setupWebAppContext]:488) - warPath is: /opt/zeppelin-0.9.0-preview1-bin-all/zeppelin-web-angular-0.9.0-preview1.war
 INFO [2020-10-28 14:21:03,500] ({main} ZeppelinServer.java[setupWebAppContext]:501) - ZeppelinServer Webapp path: /opt/zeppelin-0.9.0-preview1-bin-all/webapps/next
 INFO [2020-10-28 14:21:03,507] ({ImmediateThread-1603894863151} GitNotebookRepo.java[init]:77) - Opening a git repo at '/opt/zeppelin-0.9.0-preview1-bin-all/notebook'
 INFO [2020-10-28 14:21:03,558] ({main} NotebookServer.java[<init>]:153) - NotebookServer instantiated: org.apache.zeppelin.socket.NotebookServer@2898ac89
 INFO [2020-10-28 14:21:03,561] ({main} NotebookServer.java[setNotebook]:164) - Injected NotebookProvider
 INFO [2020-10-28 14:21:03,562] ({main} NotebookServer.java[setServiceLocator]:158) - Injected ServiceLocator: ServiceLocatorImpl(shared-locator,0,775931202)
 INFO [2020-10-28 14:21:03,562] ({main} NotebookServer.java[setNotebookService]:171) - Injected NotebookServiceProvider
 INFO [2020-10-28 14:21:03,563] ({main} NotebookServer.java[setAuthorizationServiceProvider]:178) - Injected NotebookAuthorizationServiceProvider
 INFO [2020-10-28 14:21:03,563] ({main} NotebookServer.java[setConnectionManagerProvider]:184) - Injected ConnectionManagerProvider
 INFO [2020-10-28 14:21:03,565] ({main} ZeppelinServer.java[setupClusterManagerServer]:439) - Cluster mode is disabled
 INFO [2020-10-28 14:21:03,577] ({main} ZeppelinServer.java[main]:251) - Starting zeppelin server
 INFO [2020-10-28 14:21:03,579] ({main} Server.java[doStart]:370) - jetty-9.4.18.v20190429; built: 2019-04-29T20:42:08.989Z; git: e1bc35120a6617ee3df052294e433f3a25ce7097; jvm 1.8.0_231-b11
 INFO [2020-10-28 14:21:03,709] ({main} StandardDescriptorProcessor.java[visitServlet]:283) - NO JSP Support for /, did not find org.eclipse.jetty.jsp.JettyJspServlet
 INFO [2020-10-28 14:21:03,722] ({main} DefaultSessionIdManager.java[doStart]:365) - DefaultSessionIdManager workerName=node0
 INFO [2020-10-28 14:21:03,722] ({main} DefaultSessionIdManager.java[doStart]:370) - No SessionScavenger set, using defaults
 INFO [2020-10-28 14:21:03,725] ({main} HouseKeeper.java[startScavenging]:149) - node0 Scavenging every 600000ms
ZEPPELIN_CLASSPATH: ::/opt/zeppelin-0.9.0-preview1-bin-all/lib/*:/opt/zeppelin-0.9.0-preview1-bin-all/*::/opt/zeppelin-0.9.0-preview1-bin-all/conf
Java HotSpot(TM) 64-Bit Server VM warning: ignoring option MaxPermSize=512m; support was removed in 8.0
 WARN [2020-10-28 14:22:21,289] ({main} ZeppelinConfiguration.java[create]:159) - Failed to load configuration, proceeding with a default
 INFO [2020-10-28 14:22:21,349] ({main} ZeppelinConfiguration.java[create]:171) - Server Host: 172.29.0.6
 INFO [2020-10-28 14:22:21,350] ({main} ZeppelinConfiguration.java[create]:173) - Server Port: 8080
 INFO [2020-10-28 14:22:21,350] ({main} ZeppelinConfiguration.java[create]:177) - Context Path: /
 INFO [2020-10-28 14:22:21,351] ({main} ZeppelinConfiguration.java[create]:178) - Zeppelin Version: 0.9.0-preview1
 INFO [2020-10-28 14:22:21,368] ({main} Log.java[initialized]:193) - Logging initialized @497ms to org.eclipse.jetty.util.log.Slf4jLog
 WARN [2020-10-28 14:22:21,678] ({main} ZeppelinConfiguration.java[getConfigFSDir]:631) - zeppelin.config.fs.dir is not specified, fall back to local conf directory zeppelin.conf.dir
 INFO [2020-10-28 14:22:21,706] ({main} Credentials.java[loadFromFile]:121) - /opt/zeppelin-0.9.0-preview1-bin-all/conf/credentials.json
 INFO [2020-10-28 14:22:21,737] ({ImmediateThread-1603894941672} PluginManager.java[loadNotebookRepo]:60) - Loading NotebookRepo Plugin: org.apache.zeppelin.notebook.repo.GitNotebookRepo
 INFO [2020-10-28 14:22:21,872] ({ImmediateThread-1603894941672} VFSNotebookRepo.java[setNotebookDirectory]:70) - Using notebookDir: /opt/zeppelin-0.9.0-preview1-bin-all/notebook
 INFO [2020-10-28 14:22:21,975] ({main} ZeppelinServer.java[setupWebAppContext]:488) - warPath is: /opt/zeppelin-0.9.0-preview1-bin-all/zeppelin-web-0.9.0-preview1.war
 INFO [2020-10-28 14:22:21,976] ({main} ZeppelinServer.java[setupWebAppContext]:501) - ZeppelinServer Webapp path: /opt/zeppelin-0.9.0-preview1-bin-all/webapps
 INFO [2020-10-28 14:22:22,039] ({main} ZeppelinServer.java[setupWebAppContext]:488) - warPath is: /opt/zeppelin-0.9.0-preview1-bin-all/zeppelin-web-angular-0.9.0-preview1.war
 INFO [2020-10-28 14:22:22,041] ({main} ZeppelinServer.java[setupWebAppContext]:501) - ZeppelinServer Webapp path: /opt/zeppelin-0.9.0-preview1-bin-all/webapps/next
 INFO [2020-10-28 14:22:22,078] ({ImmediateThread-1603894941672} GitNotebookRepo.java[init]:77) - Opening a git repo at '/opt/zeppelin-0.9.0-preview1-bin-all/notebook'
 INFO [2020-10-28 14:22:22,102] ({main} NotebookServer.java[<init>]:153) - NotebookServer instantiated: org.apache.zeppelin.socket.NotebookServer@683dbc2c
 INFO [2020-10-28 14:22:22,105] ({main} NotebookServer.java[setNotebook]:164) - Injected NotebookProvider
 INFO [2020-10-28 14:22:22,105] ({main} NotebookServer.java[setServiceLocator]:158) - Injected ServiceLocator: ServiceLocatorImpl(shared-locator,0,775931202)
 INFO [2020-10-28 14:22:22,106] ({main} NotebookServer.java[setNotebookService]:171) - Injected NotebookServiceProvider
 INFO [2020-10-28 14:22:22,110] ({main} NotebookServer.java[setAuthorizationServiceProvider]:178) - Injected NotebookAuthorizationServiceProvider
 INFO [2020-10-28 14:22:22,111] ({main} NotebookServer.java[setConnectionManagerProvider]:184) - Injected ConnectionManagerProvider
 INFO [2020-10-28 14:22:22,113] ({main} ZeppelinServer.java[setupClusterManagerServer]:439) - Cluster mode is disabled
 INFO [2020-10-28 14:22:22,120] ({main} ZeppelinServer.java[main]:251) - Starting zeppelin server
 INFO [2020-10-28 14:22:22,122] ({main} Server.java[doStart]:370) - jetty-9.4.18.v20190429; built: 2019-04-29T20:42:08.989Z; git: e1bc35120a6617ee3df052294e433f3a25ce7097; jvm 1.8.0_231-b11
 INFO [2020-10-28 14:22:22,259] ({main} StandardDescriptorProcessor.java[visitServlet]:283) - NO JSP Support for /, did not find org.eclipse.jetty.jsp.JettyJspServlet
 INFO [2020-10-28 14:22:22,271] ({main} DefaultSessionIdManager.java[doStart]:365) - DefaultSessionIdManager workerName=node0
 INFO [2020-10-28 14:22:22,271] ({main} DefaultSessionIdManager.java[doStart]:370) - No SessionScavenger set, using defaults
 INFO [2020-10-28 14:22:22,275] ({main} HouseKeeper.java[startScavenging]:149) - node0 Scavenging every 660000ms
