ZEPPELIN_CLASSPATH: ::/opt/zeppelin-0.9.0-preview1-bin-all/lib/*:/opt/zeppelin-0.9.0-preview1-bin-all/*::/opt/zeppelin-0.9.0-preview1-bin-all/conf
Java HotSpot(TM) 64-Bit Server VM warning: ignoring option MaxPermSize=512m; support was removed in 8.0
 WARN [2020-10-28 14:54:04,492] ({main} ZeppelinConfiguration.java[create]:159) - Failed to load configuration, proceeding with a default
 INFO [2020-10-28 14:54:04,690] ({main} ZeppelinConfiguration.java[create]:171) - Server Host: 172.29.0.6
 INFO [2020-10-28 14:54:04,694] ({main} ZeppelinConfiguration.java[create]:173) - Server Port: 8080
 INFO [2020-10-28 14:54:04,695] ({main} ZeppelinConfiguration.java[create]:177) - Context Path: /
 INFO [2020-10-28 14:54:04,695] ({main} ZeppelinConfiguration.java[create]:178) - Zeppelin Version: 0.9.0-preview1
 INFO [2020-10-28 14:54:04,756] ({main} Log.java[initialized]:193) - Logging initialized @1387ms to org.eclipse.jetty.util.log.Slf4jLog
 WARN [2020-10-28 14:54:05,552] ({main} ZeppelinConfiguration.java[getConfigFSDir]:631) - zeppelin.config.fs.dir is not specified, fall back to local conf directory zeppelin.conf.dir
 INFO [2020-10-28 14:54:05,621] ({main} Credentials.java[loadFromFile]:121) - /opt/zeppelin-0.9.0-preview1-bin-all/conf/credentials.json
 INFO [2020-10-28 14:54:05,670] ({ImmediateThread-1603896845536} PluginManager.java[loadNotebookRepo]:60) - Loading NotebookRepo Plugin: org.apache.zeppelin.notebook.repo.GitNotebookRepo
 INFO [2020-10-28 14:54:06,087] ({ImmediateThread-1603896845536} VFSNotebookRepo.java[setNotebookDirectory]:70) - Using notebookDir: /opt/zeppelin-0.9.0-preview1-bin-all/notebook
 INFO [2020-10-28 14:54:06,494] ({main} ZeppelinServer.java[setupWebAppContext]:488) - warPath is: /opt/zeppelin-0.9.0-preview1-bin-all/zeppelin-web-0.9.0-preview1.war
 INFO [2020-10-28 14:54:06,496] ({main} ZeppelinServer.java[setupWebAppContext]:501) - ZeppelinServer Webapp path: /opt/zeppelin-0.9.0-preview1-bin-all/webapps
 INFO [2020-10-28 14:54:06,650] ({main} ZeppelinServer.java[setupWebAppContext]:488) - warPath is: /opt/zeppelin-0.9.0-preview1-bin-all/zeppelin-web-angular-0.9.0-preview1.war
 INFO [2020-10-28 14:54:06,653] ({main} ZeppelinServer.java[setupWebAppContext]:501) - ZeppelinServer Webapp path: /opt/zeppelin-0.9.0-preview1-bin-all/webapps/next
 INFO [2020-10-28 14:54:06,674] ({ImmediateThread-1603896845536} GitNotebookRepo.java[init]:77) - Opening a git repo at '/opt/zeppelin-0.9.0-preview1-bin-all/notebook'
 INFO [2020-10-28 14:54:06,830] ({main} NotebookServer.java[<init>]:153) - NotebookServer instantiated: org.apache.zeppelin.socket.NotebookServer@2898ac89
 INFO [2020-10-28 14:54:06,847] ({main} NotebookServer.java[setNotebook]:164) - Injected NotebookProvider
 INFO [2020-10-28 14:54:06,848] ({main} NotebookServer.java[setServiceLocator]:158) - Injected ServiceLocator: ServiceLocatorImpl(shared-locator,0,775931202)
 INFO [2020-10-28 14:54:06,848] ({main} NotebookServer.java[setNotebookService]:171) - Injected NotebookServiceProvider
 INFO [2020-10-28 14:54:06,849] ({main} NotebookServer.java[setAuthorizationServiceProvider]:178) - Injected NotebookAuthorizationServiceProvider
 INFO [2020-10-28 14:54:06,849] ({main} NotebookServer.java[setConnectionManagerProvider]:184) - Injected ConnectionManagerProvider
 INFO [2020-10-28 14:54:06,851] ({main} ZeppelinServer.java[setupClusterManagerServer]:439) - Cluster mode is disabled
 INFO [2020-10-28 14:54:06,886] ({main} ZeppelinServer.java[main]:251) - Starting zeppelin server
 INFO [2020-10-28 14:54:06,892] ({main} Server.java[doStart]:370) - jetty-9.4.18.v20190429; built: 2019-04-29T20:42:08.989Z; git: e1bc35120a6617ee3df052294e433f3a25ce7097; jvm 1.8.0_231-b11
 INFO [2020-10-28 14:54:06,994] ({ImmediateThread-1603896845536} GitNotebookRepo.java[init]:81) - Git repo /opt/zeppelin-0.9.0-preview1-bin-all/notebook/.git does not exist, creating a new one
 INFO [2020-10-28 14:54:07,642] ({main} StandardDescriptorProcessor.java[visitServlet]:283) - NO JSP Support for /, did not find org.eclipse.jetty.jsp.JettyJspServlet
 INFO [2020-10-28 14:54:07,672] ({main} DefaultSessionIdManager.java[doStart]:365) - DefaultSessionIdManager workerName=node0
 INFO [2020-10-28 14:54:07,677] ({main} DefaultSessionIdManager.java[doStart]:370) - No SessionScavenger set, using defaults
 INFO [2020-10-28 14:54:07,685] ({main} HouseKeeper.java[startScavenging]:149) - node0 Scavenging every 660000ms
 INFO [2020-10-28 14:54:11,679] ({main} ContextHandler.java[doStart]:855) - Started o.e.j.w.WebAppContext@3b69e7d1{zeppelin-web,/,jar:file:///opt/zeppelin-0.9.0-preview1-bin-all/zeppelin-web-0.9.0-preview1.war!/,AVAILABLE}{/opt/zeppelin-0.9.0-preview1-bin-all/zeppelin-web-0.9.0-preview1.war}
 INFO [2020-10-28 14:54:11,717] ({main} StandardDescriptorProcessor.java[visitServlet]:283) - NO JSP Support for /next, did not find org.eclipse.jetty.jsp.JettyJspServlet
 INFO [2020-10-28 14:54:12,902] ({main} ContextHandler.java[doStart]:855) - Started o.e.j.w.WebAppContext@139982de{zeppelin-web-angular,/next,jar:file:///opt/zeppelin-0.9.0-preview1-bin-all/zeppelin-web-angular-0.9.0-preview1.war!/,AVAILABLE}{/opt/zeppelin-0.9.0-preview1-bin-all/zeppelin-web-angular-0.9.0-preview1.war}
 INFO [2020-10-28 14:54:13,034] ({main} AbstractConnector.java[doStart]:292) - Started ServerConnector@646d64ab{HTTP/1.1,[http/1.1]}{172.29.0.6:8080}
 INFO [2020-10-28 14:54:13,037] ({main} Server.java[doStart]:410) - Started @9701ms
 INFO [2020-10-28 14:54:18,038] ({main} ZeppelinServer.java[main]:265) - Done, zeppelin server started
 INFO [2020-10-28 14:56:06,066] ({Thread-13} ZeppelinServer.java[lambda$shutdown$3]:291) - Shutting down Zeppelin Server ... 
 INFO [2020-10-28 14:56:06,074] ({Thread-13} AbstractConnector.java[doStop]:341) - Stopped ServerConnector@646d64ab{HTTP/1.1,[http/1.1]}{172.29.0.6:8080}
 INFO [2020-10-28 14:56:06,075] ({Thread-13} HouseKeeper.java[stopScavenging]:167) - node0 Stopped scavenging
 INFO [2020-10-28 14:56:06,118] ({Thread-13} ContextHandler.java[doStop]:1045) - Stopped o.e.j.w.WebAppContext@139982de{zeppelin-web-angular,/next,null,UNAVAILABLE}{/opt/zeppelin-0.9.0-preview1-bin-all/zeppelin-web-angular-0.9.0-preview1.war}
 INFO [2020-10-28 14:56:06,146] ({Thread-13} ContextHandler.java[doStop]:1045) - Stopped o.e.j.w.WebAppContext@3b69e7d1{zeppelin-web,/,null,UNAVAILABLE}{/opt/zeppelin-0.9.0-preview1-bin-all/zeppelin-web-0.9.0-preview1.war}
 WARN [2020-10-28 14:56:06,214] ({Thread-13} ZeppelinConfiguration.java[getConfigFSDir]:631) - zeppelin.config.fs.dir is not specified, fall back to local conf directory zeppelin.conf.dir
 WARN [2020-10-28 14:56:06,214] ({Thread-13} ZeppelinConfiguration.java[getConfigFSDir]:631) - zeppelin.config.fs.dir is not specified, fall back to local conf directory zeppelin.conf.dir
 WARN [2020-10-28 14:56:06,215] ({Thread-13} ZeppelinConfiguration.java[getConfigFSDir]:631) - zeppelin.config.fs.dir is not specified, fall back to local conf directory zeppelin.conf.dir
 INFO [2020-10-28 14:56:06,431] ({Thread-13} InterpreterSettingManager.java[<init>]:186) - Using RecoveryStorage: org.apache.zeppelin.interpreter.recovery.NullRecoveryStorage
 INFO [2020-10-28 14:56:06,432] ({Thread-13} InterpreterSettingManager.java[<init>]:192) - Using LifecycleManager: org.apache.zeppelin.interpreter.lifecycle.NullLifecycleManager
 INFO [2020-10-28 14:56:06,446] ({Thread-14} RemoteInterpreterEventServer.java[run]:104) - InterpreterEventServer is starting at 172.29.0.6:46547
 INFO [2020-10-28 14:56:06,938] ({Thread-13} RemoteInterpreterEventServer.java[start]:128) - RemoteInterpreterEventServer is started
 INFO [2020-10-28 14:56:06,978] ({Thread-13} InterpreterSettingManager.java[registerInterpreterSetting]:463) - Register InterpreterSettingTemplate: jupyter
 INFO [2020-10-28 14:56:06,995] ({Thread-13} InterpreterSettingManager.java[registerInterpreterSetting]:463) - Register InterpreterSettingTemplate: scalding
 INFO [2020-10-28 14:56:07,002] ({Thread-13} InterpreterSettingManager.java[registerInterpreterSetting]:463) - Register InterpreterSettingTemplate: geode
 INFO [2020-10-28 14:56:07,019] ({Thread-13} InterpreterSettingManager.java[registerInterpreterSetting]:463) - Register InterpreterSettingTemplate: spark
 INFO [2020-10-28 14:56:07,030] ({Thread-13} InterpreterSettingManager.java[registerInterpreterSetting]:463) - Register InterpreterSettingTemplate: sparql
 INFO [2020-10-28 14:56:07,035] ({Thread-13} InterpreterSettingManager.java[registerInterpreterSetting]:463) - Register InterpreterSettingTemplate: elasticsearch
 INFO [2020-10-28 14:56:07,045] ({Thread-13} InterpreterSettingManager.java[registerInterpreterSetting]:463) - Register InterpreterSettingTemplate: lens
 INFO [2020-10-28 14:56:07,055] ({Thread-13} InterpreterSettingManager.java[registerInterpreterSetting]:463) - Register InterpreterSettingTemplate: neo4j
 INFO [2020-10-28 14:56:07,071] ({Thread-13} InterpreterSettingManager.java[registerInterpreterSetting]:463) - Register InterpreterSettingTemplate: livy
 INFO [2020-10-28 14:56:07,074] ({Thread-13} InterpreterSettingManager.java[registerInterpreterSetting]:463) - Register InterpreterSettingTemplate: beam
 INFO [2020-10-28 14:56:07,078] ({Thread-13} InterpreterSettingManager.java[registerInterpreterSetting]:463) - Register InterpreterSettingTemplate: ignite
 INFO [2020-10-28 14:56:07,089] ({Thread-13} InterpreterSettingManager.java[registerInterpreterSetting]:463) - Register InterpreterSettingTemplate: mongodb
 INFO [2020-10-28 14:56:07,095] ({Thread-13} InterpreterSettingManager.java[registerInterpreterSetting]:463) - Register InterpreterSettingTemplate: flink
 INFO [2020-10-28 14:56:07,106] ({Thread-13} InterpreterSettingManager.java[registerInterpreterSetting]:463) - Register InterpreterSettingTemplate: pig
 INFO [2020-10-28 14:56:07,114] ({Thread-13} InterpreterSettingManager.java[registerInterpreterSetting]:463) - Register InterpreterSettingTemplate: submarine
 INFO [2020-10-28 14:56:07,125] ({Thread-13} InterpreterSettingManager.java[registerInterpreterSetting]:463) - Register InterpreterSettingTemplate: java
 INFO [2020-10-28 14:56:07,129] ({Thread-13} InterpreterSettingManager.java[registerInterpreterSetting]:463) - Register InterpreterSettingTemplate: angular
 INFO [2020-10-28 14:56:07,135] ({Thread-13} InterpreterSettingManager.java[registerInterpreterSetting]:463) - Register InterpreterSettingTemplate: kotlin
 INFO [2020-10-28 14:56:07,140] ({Thread-13} InterpreterSettingManager.java[registerInterpreterSetting]:463) - Register InterpreterSettingTemplate: r
 INFO [2020-10-28 14:56:07,146] ({Thread-13} InterpreterSettingManager.java[registerInterpreterSetting]:463) - Register InterpreterSettingTemplate: sap
 INFO [2020-10-28 14:56:07,149] ({Thread-13} InterpreterSettingManager.java[registerInterpreterSetting]:463) - Register InterpreterSettingTemplate: groovy
 INFO [2020-10-28 14:56:07,158] ({Thread-13} InterpreterSettingManager.java[registerInterpreterSetting]:463) - Register InterpreterSettingTemplate: hbase
 INFO [2020-10-28 14:56:07,163] ({Thread-13} InterpreterSettingManager.java[registerInterpreterSetting]:463) - Register InterpreterSettingTemplate: sh
 INFO [2020-10-28 14:56:07,167] ({Thread-13} InterpreterSettingManager.java[registerInterpreterSetting]:463) - Register InterpreterSettingTemplate: file
 INFO [2020-10-28 14:56:07,172] ({Thread-13} InterpreterSettingManager.java[registerInterpreterSetting]:463) - Register InterpreterSettingTemplate: ksql
 WARN [2020-10-28 14:56:07,299] ({Thread-13} InterpreterSettingManager.java[loadInterpreterSettingFromDefaultDir]:364) - No interpreter-setting.json found in /opt/zeppelin-0.9.0-preview1-bin-all/interpreter/scio
 INFO [2020-10-28 14:56:07,302] ({Thread-13} InterpreterSettingManager.java[registerInterpreterSetting]:463) - Register InterpreterSettingTemplate: python
 INFO [2020-10-28 14:56:07,307] ({Thread-13} InterpreterSettingManager.java[registerInterpreterSetting]:463) - Register InterpreterSettingTemplate: alluxio
 INFO [2020-10-28 14:56:07,311] ({Thread-13} InterpreterSettingManager.java[registerInterpreterSetting]:463) - Register InterpreterSettingTemplate: hazelcastjet
 INFO [2020-10-28 14:56:07,315] ({Thread-13} InterpreterSettingManager.java[registerInterpreterSetting]:463) - Register InterpreterSettingTemplate: bigquery
 INFO [2020-10-28 14:56:07,321] ({Thread-13} InterpreterSettingManager.java[registerInterpreterSetting]:463) - Register InterpreterSettingTemplate: kylin
 INFO [2020-10-28 14:56:07,332] ({Thread-13} InterpreterSettingManager.java[registerInterpreterSetting]:463) - Register InterpreterSettingTemplate: cassandra
 INFO [2020-10-28 14:56:07,341] ({Thread-13} InterpreterSettingManager.java[registerInterpreterSetting]:463) - Register InterpreterSettingTemplate: jdbc
 INFO [2020-10-28 14:56:07,345] ({Thread-13} InterpreterSettingManager.java[registerInterpreterSetting]:463) - Register InterpreterSettingTemplate: md
 INFO [2020-10-28 14:56:07,346] ({Thread-13} LocalConfigStorage.java[loadInterpreterSettings]:69) - Load Interpreter Setting from file: /opt/zeppelin-0.9.0-preview1-bin-all/conf/interpreter.json
 INFO [2020-10-28 14:56:07,528] ({Thread-13} InterpreterSettingManager.java[loadFromFile]:284) - Create Interpreter Setting beam from interpreter.json
 INFO [2020-10-28 14:56:07,529] ({Thread-13} InterpreterSettingManager.java[loadFromFile]:284) - Create Interpreter Setting ignite from interpreter.json
 INFO [2020-10-28 14:56:07,529] ({Thread-13} InterpreterSettingManager.java[loadFromFile]:284) - Create Interpreter Setting geode from interpreter.json
 INFO [2020-10-28 14:56:07,530] ({Thread-13} InterpreterSettingManager.java[loadFromFile]:284) - Create Interpreter Setting jdbc from interpreter.json
 INFO [2020-10-28 14:56:07,531] ({Thread-13} InterpreterSettingManager.java[loadFromFile]:284) - Create Interpreter Setting lens from interpreter.json
 INFO [2020-10-28 14:56:07,531] ({Thread-13} InterpreterSettingManager.java[loadFromFile]:284) - Create Interpreter Setting pig from interpreter.json
 INFO [2020-10-28 14:56:07,533] ({Thread-13} InterpreterSettingManager.java[loadFromFile]:284) - Create Interpreter Setting java from interpreter.json
 INFO [2020-10-28 14:56:07,535] ({Thread-13} InterpreterSettingManager.java[loadFromFile]:284) - Create Interpreter Setting jupyter from interpreter.json
 INFO [2020-10-28 14:56:07,536] ({Thread-13} InterpreterSettingManager.java[loadFromFile]:284) - Create Interpreter Setting file from interpreter.json
 INFO [2020-10-28 14:56:07,538] ({Thread-13} InterpreterSettingManager.java[loadFromFile]:284) - Create Interpreter Setting elasticsearch from interpreter.json
 INFO [2020-10-28 14:56:07,539] ({Thread-13} InterpreterSettingManager.java[loadFromFile]:284) - Create Interpreter Setting submarine from interpreter.json
 INFO [2020-10-28 14:56:07,540] ({Thread-13} InterpreterSettingManager.java[loadFromFile]:284) - Create Interpreter Setting spark from interpreter.json
 INFO [2020-10-28 14:56:07,541] ({Thread-13} InterpreterSettingManager.java[loadFromFile]:284) - Create Interpreter Setting sh from interpreter.json
 INFO [2020-10-28 14:56:07,541] ({Thread-13} InterpreterSettingManager.java[loadFromFile]:284) - Create Interpreter Setting md from interpreter.json
 INFO [2020-10-28 14:56:07,542] ({Thread-13} InterpreterSettingManager.java[loadFromFile]:284) - Create Interpreter Setting hazelcastjet from interpreter.json
 INFO [2020-10-28 14:56:07,542] ({Thread-13} InterpreterSettingManager.java[loadFromFile]:284) - Create Interpreter Setting alluxio from interpreter.json
 INFO [2020-10-28 14:56:07,543] ({Thread-13} InterpreterSettingManager.java[loadFromFile]:284) - Create Interpreter Setting bigquery from interpreter.json
 INFO [2020-10-28 14:56:07,544] ({Thread-13} InterpreterSettingManager.java[loadFromFile]:284) - Create Interpreter Setting mongodb from interpreter.json
 INFO [2020-10-28 14:56:07,545] ({Thread-13} InterpreterSettingManager.java[loadFromFile]:284) - Create Interpreter Setting hbase from interpreter.json
 INFO [2020-10-28 14:56:07,545] ({Thread-13} InterpreterSettingManager.java[loadFromFile]:284) - Create Interpreter Setting python from interpreter.json
 INFO [2020-10-28 14:56:07,547] ({Thread-13} InterpreterSettingManager.java[loadFromFile]:284) - Create Interpreter Setting sap from interpreter.json
 INFO [2020-10-28 14:56:07,548] ({Thread-13} InterpreterSettingManager.java[loadFromFile]:284) - Create Interpreter Setting kotlin from interpreter.json
 INFO [2020-10-28 14:56:07,549] ({Thread-13} InterpreterSettingManager.java[loadFromFile]:284) - Create Interpreter Setting scalding from interpreter.json
 INFO [2020-10-28 14:56:07,549] ({Thread-13} InterpreterSettingManager.java[loadFromFile]:284) - Create Interpreter Setting flink from interpreter.json
 INFO [2020-10-28 14:56:07,550] ({Thread-13} InterpreterSettingManager.java[loadFromFile]:284) - Create Interpreter Setting angular from interpreter.json
 INFO [2020-10-28 14:56:07,554] ({Thread-13} InterpreterSettingManager.java[loadFromFile]:284) - Create Interpreter Setting ksql from interpreter.json
 INFO [2020-10-28 14:56:07,555] ({Thread-13} InterpreterSettingManager.java[loadFromFile]:284) - Create Interpreter Setting livy from interpreter.json
 INFO [2020-10-28 14:56:07,556] ({Thread-13} InterpreterSettingManager.java[loadFromFile]:284) - Create Interpreter Setting r from interpreter.json
 INFO [2020-10-28 14:56:07,556] ({Thread-13} InterpreterSettingManager.java[loadFromFile]:284) - Create Interpreter Setting groovy from interpreter.json
 INFO [2020-10-28 14:56:07,557] ({Thread-13} InterpreterSettingManager.java[loadFromFile]:284) - Create Interpreter Setting neo4j from interpreter.json
 INFO [2020-10-28 14:56:07,558] ({Thread-13} InterpreterSettingManager.java[loadFromFile]:284) - Create Interpreter Setting cassandra from interpreter.json
 INFO [2020-10-28 14:56:07,560] ({Thread-13} InterpreterSettingManager.java[loadFromFile]:284) - Create Interpreter Setting sparql from interpreter.json
 INFO [2020-10-28 14:56:07,560] ({Thread-13} InterpreterSettingManager.java[loadFromFile]:284) - Create Interpreter Setting kylin from interpreter.json
 INFO [2020-10-28 14:56:07,614] ({Thread-13} InterpreterSetting.java[setStatus]:740) - Set interpreter beam status to DOWNLOADING_DEPENDENCIES
 INFO [2020-10-28 14:56:07,615] ({Thread-13} InterpreterSetting.java[setStatus]:740) - Set interpreter ignite status to DOWNLOADING_DEPENDENCIES
 INFO [2020-10-28 14:56:07,616] ({Thread-15} InterpreterSetting.java[setStatus]:740) - Set interpreter beam status to READY
 INFO [2020-10-28 14:56:07,621] ({Thread-13} InterpreterSetting.java[setStatus]:740) - Set interpreter geode status to DOWNLOADING_DEPENDENCIES
 INFO [2020-10-28 14:56:07,629] ({Thread-13} InterpreterSetting.java[setStatus]:740) - Set interpreter jdbc status to DOWNLOADING_DEPENDENCIES
 INFO [2020-10-28 14:56:07,628] ({Thread-16} InterpreterSetting.java[setStatus]:740) - Set interpreter ignite status to READY
 INFO [2020-10-28 14:56:07,629] ({Thread-17} InterpreterSetting.java[setStatus]:740) - Set interpreter geode status to READY
 INFO [2020-10-28 14:56:07,637] ({Thread-13} InterpreterSetting.java[setStatus]:740) - Set interpreter lens status to DOWNLOADING_DEPENDENCIES
 INFO [2020-10-28 14:56:07,644] ({Thread-18} InterpreterSetting.java[setStatus]:740) - Set interpreter jdbc status to READY
 INFO [2020-10-28 14:56:07,646] ({Thread-13} InterpreterSetting.java[setStatus]:740) - Set interpreter pig status to DOWNLOADING_DEPENDENCIES
 INFO [2020-10-28 14:56:07,649] ({Thread-19} InterpreterSetting.java[setStatus]:740) - Set interpreter lens status to READY
 INFO [2020-10-28 14:56:07,649] ({Thread-20} InterpreterSetting.java[setStatus]:740) - Set interpreter pig status to READY
 INFO [2020-10-28 14:56:07,649] ({Thread-13} InterpreterSetting.java[setStatus]:740) - Set interpreter java status to DOWNLOADING_DEPENDENCIES
 INFO [2020-10-28 14:56:07,655] ({Thread-13} InterpreterSetting.java[setStatus]:740) - Set interpreter jupyter status to DOWNLOADING_DEPENDENCIES
 INFO [2020-10-28 14:56:07,656] ({Thread-21} InterpreterSetting.java[setStatus]:740) - Set interpreter java status to READY
 INFO [2020-10-28 14:56:07,667] ({Thread-13} InterpreterSetting.java[setStatus]:740) - Set interpreter file status to DOWNLOADING_DEPENDENCIES
 INFO [2020-10-28 14:56:07,668] ({Thread-22} InterpreterSetting.java[setStatus]:740) - Set interpreter jupyter status to READY
 INFO [2020-10-28 14:56:07,669] ({Thread-13} InterpreterSetting.java[setStatus]:740) - Set interpreter elasticsearch status to DOWNLOADING_DEPENDENCIES
 INFO [2020-10-28 14:56:07,670] ({Thread-23} InterpreterSetting.java[setStatus]:740) - Set interpreter file status to READY
 INFO [2020-10-28 14:56:07,671] ({Thread-24} InterpreterSetting.java[setStatus]:740) - Set interpreter elasticsearch status to READY
 INFO [2020-10-28 14:56:07,671] ({Thread-13} InterpreterSetting.java[setStatus]:740) - Set interpreter submarine status to DOWNLOADING_DEPENDENCIES
 INFO [2020-10-28 14:56:07,672] ({Thread-13} InterpreterSetting.java[setStatus]:740) - Set interpreter spark status to DOWNLOADING_DEPENDENCIES
 INFO [2020-10-28 14:56:07,677] ({Thread-13} InterpreterSetting.java[setStatus]:740) - Set interpreter sh status to DOWNLOADING_DEPENDENCIES
 INFO [2020-10-28 14:56:07,672] ({Thread-25} InterpreterSetting.java[setStatus]:740) - Set interpreter submarine status to READY
 INFO [2020-10-28 14:56:07,678] ({Thread-26} InterpreterSetting.java[setStatus]:740) - Set interpreter spark status to READY
 INFO [2020-10-28 14:56:07,689] ({Thread-27} InterpreterSetting.java[setStatus]:740) - Set interpreter sh status to READY
 INFO [2020-10-28 14:56:07,687] ({Thread-13} InterpreterSetting.java[setStatus]:740) - Set interpreter md status to DOWNLOADING_DEPENDENCIES
 INFO [2020-10-28 14:56:07,698] ({Thread-13} InterpreterSetting.java[setStatus]:740) - Set interpreter hazelcastjet status to DOWNLOADING_DEPENDENCIES
 INFO [2020-10-28 14:56:07,699] ({Thread-13} InterpreterSetting.java[setStatus]:740) - Set interpreter alluxio status to DOWNLOADING_DEPENDENCIES
 INFO [2020-10-28 14:56:07,699] ({Thread-28} InterpreterSetting.java[setStatus]:740) - Set interpreter md status to READY
 INFO [2020-10-28 14:56:07,702] ({Thread-30} InterpreterSetting.java[setStatus]:740) - Set interpreter alluxio status to READY
 INFO [2020-10-28 14:56:07,701] ({Thread-13} InterpreterSetting.java[setStatus]:740) - Set interpreter bigquery status to DOWNLOADING_DEPENDENCIES
 INFO [2020-10-28 14:56:07,700] ({Thread-29} InterpreterSetting.java[setStatus]:740) - Set interpreter hazelcastjet status to READY
 INFO [2020-10-28 14:56:07,706] ({Thread-13} InterpreterSetting.java[setStatus]:740) - Set interpreter mongodb status to DOWNLOADING_DEPENDENCIES
 INFO [2020-10-28 14:56:07,713] ({Thread-31} InterpreterSetting.java[setStatus]:740) - Set interpreter bigquery status to READY
 INFO [2020-10-28 14:56:07,722] ({Thread-13} InterpreterSetting.java[setStatus]:740) - Set interpreter hbase status to DOWNLOADING_DEPENDENCIES
 INFO [2020-10-28 14:56:07,722] ({Thread-32} InterpreterSetting.java[setStatus]:740) - Set interpreter mongodb status to READY
 INFO [2020-10-28 14:56:07,739] ({Thread-33} InterpreterSetting.java[setStatus]:740) - Set interpreter hbase status to READY
 INFO [2020-10-28 14:56:07,724] ({Thread-13} InterpreterSetting.java[setStatus]:740) - Set interpreter python status to DOWNLOADING_DEPENDENCIES
 INFO [2020-10-28 14:56:07,746] ({Thread-13} InterpreterSetting.java[setStatus]:740) - Set interpreter sap status to DOWNLOADING_DEPENDENCIES
 INFO [2020-10-28 14:56:07,753] ({Thread-34} InterpreterSetting.java[setStatus]:740) - Set interpreter python status to READY
 INFO [2020-10-28 14:56:07,753] ({Thread-13} InterpreterSetting.java[setStatus]:740) - Set interpreter kotlin status to DOWNLOADING_DEPENDENCIES
 INFO [2020-10-28 14:56:07,755] ({Thread-35} InterpreterSetting.java[setStatus]:740) - Set interpreter sap status to READY
 INFO [2020-10-28 14:56:07,758] ({Thread-13} InterpreterSetting.java[setStatus]:740) - Set interpreter scalding status to DOWNLOADING_DEPENDENCIES
 INFO [2020-10-28 14:56:07,759] ({Thread-36} InterpreterSetting.java[setStatus]:740) - Set interpreter kotlin status to READY
 INFO [2020-10-28 14:56:07,777] ({Thread-13} InterpreterSetting.java[setStatus]:740) - Set interpreter flink status to DOWNLOADING_DEPENDENCIES
 INFO [2020-10-28 14:56:07,777] ({Thread-37} InterpreterSetting.java[setStatus]:740) - Set interpreter scalding status to READY
 INFO [2020-10-28 14:56:07,778] ({Thread-13} InterpreterSetting.java[setStatus]:740) - Set interpreter angular status to DOWNLOADING_DEPENDENCIES
 INFO [2020-10-28 14:56:07,784] ({Thread-38} InterpreterSetting.java[setStatus]:740) - Set interpreter flink status to READY
 INFO [2020-10-28 14:56:07,788] ({Thread-13} InterpreterSetting.java[setStatus]:740) - Set interpreter ksql status to DOWNLOADING_DEPENDENCIES
 INFO [2020-10-28 14:56:07,789] ({Thread-39} InterpreterSetting.java[setStatus]:740) - Set interpreter angular status to READY
 INFO [2020-10-28 14:56:07,791] ({Thread-13} InterpreterSetting.java[setStatus]:740) - Set interpreter livy status to DOWNLOADING_DEPENDENCIES
 INFO [2020-10-28 14:56:07,791] ({Thread-40} InterpreterSetting.java[setStatus]:740) - Set interpreter ksql status to READY
 INFO [2020-10-28 14:56:07,792] ({Thread-13} InterpreterSetting.java[setStatus]:740) - Set interpreter r status to DOWNLOADING_DEPENDENCIES
 INFO [2020-10-28 14:56:07,793] ({Thread-41} InterpreterSetting.java[setStatus]:740) - Set interpreter livy status to READY
 INFO [2020-10-28 14:56:07,794] ({Thread-42} InterpreterSetting.java[setStatus]:740) - Set interpreter r status to READY
 INFO [2020-10-28 14:56:07,794] ({Thread-13} InterpreterSetting.java[setStatus]:740) - Set interpreter groovy status to DOWNLOADING_DEPENDENCIES
 INFO [2020-10-28 14:56:07,798] ({Thread-13} InterpreterSetting.java[setStatus]:740) - Set interpreter neo4j status to DOWNLOADING_DEPENDENCIES
 INFO [2020-10-28 14:56:07,799] ({Thread-13} InterpreterSetting.java[setStatus]:740) - Set interpreter cassandra status to DOWNLOADING_DEPENDENCIES
 INFO [2020-10-28 14:56:07,799] ({Thread-44} InterpreterSetting.java[setStatus]:740) - Set interpreter neo4j status to READY
 INFO [2020-10-28 14:56:07,799] ({Thread-13} InterpreterSetting.java[setStatus]:740) - Set interpreter sparql status to DOWNLOADING_DEPENDENCIES
 INFO [2020-10-28 14:56:07,800] ({Thread-45} InterpreterSetting.java[setStatus]:740) - Set interpreter cassandra status to READY
 INFO [2020-10-28 14:56:07,802] ({Thread-43} InterpreterSetting.java[setStatus]:740) - Set interpreter groovy status to READY
 INFO [2020-10-28 14:56:07,811] ({Thread-13} InterpreterSetting.java[setStatus]:740) - Set interpreter kylin status to DOWNLOADING_DEPENDENCIES
 INFO [2020-10-28 14:56:07,811] ({Thread-46} InterpreterSetting.java[setStatus]:740) - Set interpreter sparql status to READY
 INFO [2020-10-28 14:56:07,812] ({Thread-47} InterpreterSetting.java[setStatus]:740) - Set interpreter kylin status to READY
 INFO [2020-10-28 14:56:07,821] ({Thread-13} LocalConfigStorage.java[save]:59) - Save Interpreter Setting to /opt/zeppelin-0.9.0-preview1-bin-all/conf/interpreter.json
 INFO [2020-10-28 14:56:07,893] ({beam-close} InterpreterSetting.java[close]:530) - Close InterpreterSetting: beam
 INFO [2020-10-28 14:56:07,894] ({ignite-close} InterpreterSetting.java[close]:530) - Close InterpreterSetting: ignite
 INFO [2020-10-28 14:56:07,896] ({geode-close} InterpreterSetting.java[close]:530) - Close InterpreterSetting: geode
 INFO [2020-10-28 14:56:07,896] ({jdbc-close} InterpreterSetting.java[close]:530) - Close InterpreterSetting: jdbc
 INFO [2020-10-28 14:56:07,897] ({lens-close} InterpreterSetting.java[close]:530) - Close InterpreterSetting: lens
 INFO [2020-10-28 14:56:07,907] ({beam-close} InterpreterSetting.java[close]:530) - Close InterpreterSetting: beam
 INFO [2020-10-28 14:56:07,917] ({ignite-close} InterpreterSetting.java[close]:530) - Close InterpreterSetting: ignite
 INFO [2020-10-28 14:56:07,931] ({pig-close} InterpreterSetting.java[close]:530) - Close InterpreterSetting: pig
 INFO [2020-10-28 14:56:07,931] ({jupyter-close} InterpreterSetting.java[close]:530) - Close InterpreterSetting: jupyter
 INFO [2020-10-28 14:56:07,931] ({java-close} InterpreterSetting.java[close]:530) - Close InterpreterSetting: java
 INFO [2020-10-28 14:56:07,947] ({file-close} InterpreterSetting.java[close]:530) - Close InterpreterSetting: file
 INFO [2020-10-28 14:56:07,947] ({geode-close} InterpreterSetting.java[close]:530) - Close InterpreterSetting: geode
 INFO [2020-10-28 14:56:07,964] ({elasticsearch-close} InterpreterSetting.java[close]:530) - Close InterpreterSetting: elasticsearch
 INFO [2020-10-28 14:56:07,965] ({jdbc-close} InterpreterSetting.java[close]:530) - Close InterpreterSetting: jdbc
 INFO [2020-10-28 14:56:07,967] ({submarine-close} InterpreterSetting.java[close]:530) - Close InterpreterSetting: submarine
 INFO [2020-10-28 14:56:07,967] ({spark-close} InterpreterSetting.java[close]:530) - Close InterpreterSetting: spark
 INFO [2020-10-28 14:56:07,967] ({sh-close} InterpreterSetting.java[close]:530) - Close InterpreterSetting: sh
 INFO [2020-10-28 14:56:07,970] ({lens-close} InterpreterSetting.java[close]:530) - Close InterpreterSetting: lens
 INFO [2020-10-28 14:56:07,977] ({md-close} InterpreterSetting.java[close]:530) - Close InterpreterSetting: md
 INFO [2020-10-28 14:56:07,978] ({pig-close} InterpreterSetting.java[close]:530) - Close InterpreterSetting: pig
 INFO [2020-10-28 14:56:07,978] ({java-close} InterpreterSetting.java[close]:530) - Close InterpreterSetting: java
 INFO [2020-10-28 14:56:07,979] ({jupyter-close} InterpreterSetting.java[close]:530) - Close InterpreterSetting: jupyter
 INFO [2020-10-28 14:56:07,994] ({file-close} InterpreterSetting.java[close]:530) - Close InterpreterSetting: file
 INFO [2020-10-28 14:56:07,995] ({mongodb-close} InterpreterSetting.java[close]:530) - Close InterpreterSetting: mongodb
 INFO [2020-10-28 14:56:07,994] ({bigquery-close} InterpreterSetting.java[close]:530) - Close InterpreterSetting: bigquery
 INFO [2020-10-28 14:56:07,994] ({alluxio-close} InterpreterSetting.java[close]:530) - Close InterpreterSetting: alluxio
 INFO [2020-10-28 14:56:07,997] ({hazelcastjet-close} InterpreterSetting.java[close]:530) - Close InterpreterSetting: hazelcastjet
 INFO [2020-10-28 14:56:08,000] ({hbase-close} InterpreterSetting.java[close]:530) - Close InterpreterSetting: hbase
 INFO [2020-10-28 14:56:08,001] ({python-close} InterpreterSetting.java[close]:530) - Close InterpreterSetting: python
 INFO [2020-10-28 14:56:08,004] ({sap-close} InterpreterSetting.java[close]:530) - Close InterpreterSetting: sap
 INFO [2020-10-28 14:56:08,014] ({kotlin-close} InterpreterSetting.java[close]:530) - Close InterpreterSetting: kotlin
 INFO [2020-10-28 14:56:08,014] ({submarine-close} InterpreterSetting.java[close]:530) - Close InterpreterSetting: submarine
 INFO [2020-10-28 14:56:08,014] ({elasticsearch-close} InterpreterSetting.java[close]:530) - Close InterpreterSetting: elasticsearch
 INFO [2020-10-28 14:56:08,014] ({spark-close} InterpreterSetting.java[close]:530) - Close InterpreterSetting: spark
 INFO [2020-10-28 14:56:08,019] ({scalding-close} InterpreterSetting.java[close]:530) - Close InterpreterSetting: scalding
 INFO [2020-10-28 14:56:08,020] ({flink-close} InterpreterSetting.java[close]:530) - Close InterpreterSetting: flink
 INFO [2020-10-28 14:56:08,021] ({angular-close} InterpreterSetting.java[close]:530) - Close InterpreterSetting: angular
 INFO [2020-10-28 14:56:08,021] ({ksql-close} InterpreterSetting.java[close]:530) - Close InterpreterSetting: ksql
 INFO [2020-10-28 14:56:08,022] ({r-close} InterpreterSetting.java[close]:530) - Close InterpreterSetting: r
 INFO [2020-10-28 14:56:08,021] ({livy-close} InterpreterSetting.java[close]:530) - Close InterpreterSetting: livy
 INFO [2020-10-28 14:56:08,022] ({groovy-close} InterpreterSetting.java[close]:530) - Close InterpreterSetting: groovy
 INFO [2020-10-28 14:56:08,023] ({neo4j-close} InterpreterSetting.java[close]:530) - Close InterpreterSetting: neo4j
 INFO [2020-10-28 14:56:08,024] ({cassandra-close} InterpreterSetting.java[close]:530) - Close InterpreterSetting: cassandra
 INFO [2020-10-28 14:56:08,036] ({sh-close} InterpreterSetting.java[close]:530) - Close InterpreterSetting: sh
 INFO [2020-10-28 14:56:08,037] ({hazelcastjet-close} InterpreterSetting.java[close]:530) - Close InterpreterSetting: hazelcastjet
 INFO [2020-10-28 14:56:08,037] ({sparql-close} InterpreterSetting.java[close]:530) - Close InterpreterSetting: sparql
 INFO [2020-10-28 14:56:08,037] ({md-close} InterpreterSetting.java[close]:530) - Close InterpreterSetting: md
 INFO [2020-10-28 14:56:08,041] ({alluxio-close} InterpreterSetting.java[close]:530) - Close InterpreterSetting: alluxio
 INFO [2020-10-28 14:56:08,048] ({kylin-close} InterpreterSetting.java[close]:530) - Close InterpreterSetting: kylin
 INFO [2020-10-28 14:56:08,057] ({mongodb-close} InterpreterSetting.java[close]:530) - Close InterpreterSetting: mongodb
 INFO [2020-10-28 14:56:08,057] ({hbase-close} InterpreterSetting.java[close]:530) - Close InterpreterSetting: hbase
 INFO [2020-10-28 14:56:08,065] ({bigquery-close} InterpreterSetting.java[close]:530) - Close InterpreterSetting: bigquery
 INFO [2020-10-28 14:56:08,065] ({python-close} InterpreterSetting.java[close]:530) - Close InterpreterSetting: python
 INFO [2020-10-28 14:56:08,066] ({sap-close} InterpreterSetting.java[close]:530) - Close InterpreterSetting: sap
 INFO [2020-10-28 14:56:08,067] ({kotlin-close} InterpreterSetting.java[close]:530) - Close InterpreterSetting: kotlin
 INFO [2020-10-28 14:56:08,067] ({scalding-close} InterpreterSetting.java[close]:530) - Close InterpreterSetting: scalding
 INFO [2020-10-28 14:56:08,068] ({flink-close} InterpreterSetting.java[close]:530) - Close InterpreterSetting: flink
 INFO [2020-10-28 14:56:08,074] ({angular-close} InterpreterSetting.java[close]:530) - Close InterpreterSetting: angular
 INFO [2020-10-28 14:56:08,074] ({ksql-close} InterpreterSetting.java[close]:530) - Close InterpreterSetting: ksql
 INFO [2020-10-28 14:56:08,076] ({livy-close} InterpreterSetting.java[close]:530) - Close InterpreterSetting: livy
 INFO [2020-10-28 14:56:08,077] ({r-close} InterpreterSetting.java[close]:530) - Close InterpreterSetting: r
 INFO [2020-10-28 14:56:08,077] ({groovy-close} InterpreterSetting.java[close]:530) - Close InterpreterSetting: groovy
 INFO [2020-10-28 14:56:08,084] ({neo4j-close} InterpreterSetting.java[close]:530) - Close InterpreterSetting: neo4j
 INFO [2020-10-28 14:56:08,086] ({sparql-close} InterpreterSetting.java[close]:530) - Close InterpreterSetting: sparql
 INFO [2020-10-28 14:56:08,085] ({cassandra-close} InterpreterSetting.java[close]:530) - Close InterpreterSetting: cassandra
 INFO [2020-10-28 14:56:08,086] ({kylin-close} InterpreterSetting.java[close]:530) - Close InterpreterSetting: kylin
 WARN [2020-10-28 14:56:08,100] ({Thread-13} VFSNotebookRepo.java[listFolder]:108) - Skip hidden folder: /opt/zeppelin-0.9.0-preview1-bin-all/notebook/.git
 INFO [2020-10-28 14:56:08,112] ({Thread-13} LocalConfigStorage.java[loadNotebookAuthorization]:86) - Load notebook authorization from file: /opt/zeppelin-0.9.0-preview1-bin-all/conf/notebook-authorization.json
 INFO [2020-10-28 14:56:08,246] ({Thread-13} LuceneSearch.java[<init>]:94) - Use /tmp/zeppelin-index for storing lucene search index
 INFO [2020-10-28 14:56:08,586] ({Thread-13} NotebookRepoSync.java[close]:461) - Closing all notebook storages
 INFO [2020-10-28 14:56:11,664] ({Thread-13} ZeppelinServer.java[lambda$shutdown$3]:302) - Bye
ZEPPELIN_CLASSPATH: ::/opt/zeppelin-0.9.0-preview1-bin-all/lib/*:/opt/zeppelin-0.9.0-preview1-bin-all/*::/opt/zeppelin-0.9.0-preview1-bin-all/conf
Java HotSpot(TM) 64-Bit Server VM warning: ignoring option MaxPermSize=512m; support was removed in 8.0
 WARN [2020-10-28 14:56:15,704] ({main} ZeppelinConfiguration.java[create]:159) - Failed to load configuration, proceeding with a default
 INFO [2020-10-28 14:56:15,757] ({main} ZeppelinConfiguration.java[create]:171) - Server Host: 172.29.0.6
 INFO [2020-10-28 14:56:15,758] ({main} ZeppelinConfiguration.java[create]:173) - Server Port: 8080
 INFO [2020-10-28 14:56:15,758] ({main} ZeppelinConfiguration.java[create]:177) - Context Path: /
 INFO [2020-10-28 14:56:15,759] ({main} ZeppelinConfiguration.java[create]:178) - Zeppelin Version: 0.9.0-preview1
 INFO [2020-10-28 14:56:15,778] ({main} Log.java[initialized]:193) - Logging initialized @511ms to org.eclipse.jetty.util.log.Slf4jLog
 WARN [2020-10-28 14:56:16,122] ({main} ZeppelinConfiguration.java[getConfigFSDir]:631) - zeppelin.config.fs.dir is not specified, fall back to local conf directory zeppelin.conf.dir
 INFO [2020-10-28 14:56:16,160] ({main} Credentials.java[loadFromFile]:121) - /opt/zeppelin-0.9.0-preview1-bin-all/conf/credentials.json
 INFO [2020-10-28 14:56:16,192] ({ImmediateThread-1603896976116} PluginManager.java[loadNotebookRepo]:60) - Loading NotebookRepo Plugin: org.apache.zeppelin.notebook.repo.GitNotebookRepo
 INFO [2020-10-28 14:56:16,332] ({ImmediateThread-1603896976116} VFSNotebookRepo.java[setNotebookDirectory]:70) - Using notebookDir: /opt/zeppelin-0.9.0-preview1-bin-all/notebook
 INFO [2020-10-28 14:56:16,450] ({main} ZeppelinServer.java[setupWebAppContext]:488) - warPath is: /opt/zeppelin-0.9.0-preview1-bin-all/zeppelin-web-0.9.0-preview1.war
 INFO [2020-10-28 14:56:16,451] ({main} ZeppelinServer.java[setupWebAppContext]:501) - ZeppelinServer Webapp path: /opt/zeppelin-0.9.0-preview1-bin-all/webapps
 INFO [2020-10-28 14:56:16,489] ({ImmediateThread-1603896976116} GitNotebookRepo.java[init]:77) - Opening a git repo at '/opt/zeppelin-0.9.0-preview1-bin-all/notebook'
 INFO [2020-10-28 14:56:16,491] ({main} ZeppelinServer.java[setupWebAppContext]:488) - warPath is: /opt/zeppelin-0.9.0-preview1-bin-all/zeppelin-web-angular-0.9.0-preview1.war
 INFO [2020-10-28 14:56:16,493] ({main} ZeppelinServer.java[setupWebAppContext]:501) - ZeppelinServer Webapp path: /opt/zeppelin-0.9.0-preview1-bin-all/webapps/next
 INFO [2020-10-28 14:56:16,561] ({main} NotebookServer.java[<init>]:153) - NotebookServer instantiated: org.apache.zeppelin.socket.NotebookServer@2898ac89
 INFO [2020-10-28 14:56:16,568] ({main} NotebookServer.java[setNotebook]:164) - Injected NotebookProvider
 INFO [2020-10-28 14:56:16,570] ({main} NotebookServer.java[setServiceLocator]:158) - Injected ServiceLocator: ServiceLocatorImpl(shared-locator,0,775931202)
 INFO [2020-10-28 14:56:16,571] ({main} NotebookServer.java[setNotebookService]:171) - Injected NotebookServiceProvider
 INFO [2020-10-28 14:56:16,572] ({main} NotebookServer.java[setAuthorizationServiceProvider]:178) - Injected NotebookAuthorizationServiceProvider
 INFO [2020-10-28 14:56:16,573] ({main} NotebookServer.java[setConnectionManagerProvider]:184) - Injected ConnectionManagerProvider
 INFO [2020-10-28 14:56:16,576] ({main} ZeppelinServer.java[setupClusterManagerServer]:439) - Cluster mode is disabled
 INFO [2020-10-28 14:56:16,587] ({main} ZeppelinServer.java[main]:251) - Starting zeppelin server
 INFO [2020-10-28 14:56:16,591] ({main} Server.java[doStart]:370) - jetty-9.4.18.v20190429; built: 2019-04-29T20:42:08.989Z; git: e1bc35120a6617ee3df052294e433f3a25ce7097; jvm 1.8.0_231-b11
 INFO [2020-10-28 14:56:16,763] ({main} StandardDescriptorProcessor.java[visitServlet]:283) - NO JSP Support for /, did not find org.eclipse.jetty.jsp.JettyJspServlet
 INFO [2020-10-28 14:56:16,778] ({main} DefaultSessionIdManager.java[doStart]:365) - DefaultSessionIdManager workerName=node0
 INFO [2020-10-28 14:56:16,778] ({main} DefaultSessionIdManager.java[doStart]:370) - No SessionScavenger set, using defaults
 INFO [2020-10-28 14:56:16,781] ({main} HouseKeeper.java[startScavenging]:149) - node0 Scavenging every 660000ms
 INFO [2020-10-28 14:56:18,224] ({main} ContextHandler.java[doStart]:855) - Started o.e.j.w.WebAppContext@3b69e7d1{zeppelin-web,/,jar:file:///opt/zeppelin-0.9.0-preview1-bin-all/zeppelin-web-0.9.0-preview1.war!/,AVAILABLE}{/opt/zeppelin-0.9.0-preview1-bin-all/zeppelin-web-0.9.0-preview1.war}
 INFO [2020-10-28 14:56:18,248] ({main} StandardDescriptorProcessor.java[visitServlet]:283) - NO JSP Support for /next, did not find org.eclipse.jetty.jsp.JettyJspServlet
 INFO [2020-10-28 14:56:18,704] ({main} ContextHandler.java[doStart]:855) - Started o.e.j.w.WebAppContext@139982de{zeppelin-web-angular,/next,jar:file:///opt/zeppelin-0.9.0-preview1-bin-all/zeppelin-web-angular-0.9.0-preview1.war!/,AVAILABLE}{/opt/zeppelin-0.9.0-preview1-bin-all/zeppelin-web-angular-0.9.0-preview1.war}
 INFO [2020-10-28 14:56:18,736] ({main} AbstractConnector.java[doStart]:292) - Started ServerConnector@646d64ab{HTTP/1.1,[http/1.1]}{172.29.0.6:8080}
 INFO [2020-10-28 14:56:18,737] ({main} Server.java[doStart]:410) - Started @3473ms
 INFO [2020-10-28 14:56:23,738] ({main} ZeppelinServer.java[main]:265) - Done, zeppelin server started
