ZEPPELIN_CLASSPATH: ::/opt/zeppelin-0.9.0-preview1-bin-all/lib/*:/opt/zeppelin-0.9.0-preview1-bin-all/*::/opt/zeppelin-0.9.0-preview1-bin-all/conf
Java HotSpot(TM) 64-Bit Server VM warning: ignoring option MaxPermSize=512m; support was removed in 8.0
 WARN [2020-10-28 15:57:36,781] ({main} ZeppelinConfiguration.java[create]:159) - Failed to load configuration, proceeding with a default
 INFO [2020-10-28 15:57:37,113] ({main} ZeppelinConfiguration.java[create]:171) - Server Host: 172.29.0.6
 INFO [2020-10-28 15:57:37,115] ({main} ZeppelinConfiguration.java[create]:173) - Server Port: 8080
 INFO [2020-10-28 15:57:37,122] ({main} ZeppelinConfiguration.java[create]:177) - Context Path: /
 INFO [2020-10-28 15:57:37,123] ({main} ZeppelinConfiguration.java[create]:178) - Zeppelin Version: 0.9.0-preview1
 INFO [2020-10-28 15:57:37,256] ({main} Log.java[initialized]:193) - Logging initialized @4571ms to org.eclipse.jetty.util.log.Slf4jLog
 WARN [2020-10-28 15:57:39,489] ({main} ZeppelinConfiguration.java[getConfigFSDir]:631) - zeppelin.config.fs.dir is not specified, fall back to local conf directory zeppelin.conf.dir
 INFO [2020-10-28 15:57:39,710] ({main} Credentials.java[loadFromFile]:121) - /opt/zeppelin-0.9.0-preview1-bin-all/conf/credentials.json
 INFO [2020-10-28 15:57:39,981] ({ImmediateThread-1603900659302} PluginManager.java[loadNotebookRepo]:60) - Loading NotebookRepo Plugin: org.apache.zeppelin.notebook.repo.GitNotebookRepo
 INFO [2020-10-28 15:57:41,086] ({ImmediateThread-1603900659302} VFSNotebookRepo.java[setNotebookDirectory]:70) - Using notebookDir: /opt/zeppelin-0.9.0-preview1-bin-all/notebook
 INFO [2020-10-28 15:57:41,655] ({main} ZeppelinServer.java[setupWebAppContext]:488) - warPath is: /opt/zeppelin-0.9.0-preview1-bin-all/zeppelin-web-0.9.0-preview1.war
 INFO [2020-10-28 15:57:41,658] ({main} ZeppelinServer.java[setupWebAppContext]:501) - ZeppelinServer Webapp path: /opt/zeppelin-0.9.0-preview1-bin-all/webapps
 INFO [2020-10-28 15:57:41,950] ({main} ZeppelinServer.java[setupWebAppContext]:488) - warPath is: /opt/zeppelin-0.9.0-preview1-bin-all/zeppelin-web-angular-0.9.0-preview1.war
 INFO [2020-10-28 15:57:41,957] ({main} ZeppelinServer.java[setupWebAppContext]:501) - ZeppelinServer Webapp path: /opt/zeppelin-0.9.0-preview1-bin-all/webapps/next
 INFO [2020-10-28 15:57:42,391] ({main} NotebookServer.java[<init>]:153) - NotebookServer instantiated: org.apache.zeppelin.socket.NotebookServer@2898ac89
 INFO [2020-10-28 15:57:42,403] ({main} NotebookServer.java[setNotebook]:164) - Injected NotebookProvider
 INFO [2020-10-28 15:57:42,413] ({main} NotebookServer.java[setServiceLocator]:158) - Injected ServiceLocator: ServiceLocatorImpl(shared-locator,0,775931202)
 INFO [2020-10-28 15:57:42,417] ({main} NotebookServer.java[setNotebookService]:171) - Injected NotebookServiceProvider
 INFO [2020-10-28 15:57:42,424] ({main} NotebookServer.java[setAuthorizationServiceProvider]:178) - Injected NotebookAuthorizationServiceProvider
 INFO [2020-10-28 15:57:42,437] ({main} NotebookServer.java[setConnectionManagerProvider]:184) - Injected ConnectionManagerProvider
 INFO [2020-10-28 15:57:42,455] ({main} ZeppelinServer.java[setupClusterManagerServer]:439) - Cluster mode is disabled
 INFO [2020-10-28 15:57:42,482] ({main} ZeppelinServer.java[main]:251) - Starting zeppelin server
 INFO [2020-10-28 15:57:42,500] ({main} Server.java[doStart]:370) - jetty-9.4.18.v20190429; built: 2019-04-29T20:42:08.989Z; git: e1bc35120a6617ee3df052294e433f3a25ce7097; jvm 1.8.0_231-b11
 INFO [2020-10-28 15:57:42,508] ({ImmediateThread-1603900659302} GitNotebookRepo.java[init]:77) - Opening a git repo at '/opt/zeppelin-0.9.0-preview1-bin-all/notebook'
 INFO [2020-10-28 15:57:43,948] ({main} StandardDescriptorProcessor.java[visitServlet]:283) - NO JSP Support for /, did not find org.eclipse.jetty.jsp.JettyJspServlet
 INFO [2020-10-28 15:57:44,001] ({main} DefaultSessionIdManager.java[doStart]:365) - DefaultSessionIdManager workerName=node0
 INFO [2020-10-28 15:57:44,002] ({main} DefaultSessionIdManager.java[doStart]:370) - No SessionScavenger set, using defaults
 INFO [2020-10-28 15:57:44,033] ({main} HouseKeeper.java[startScavenging]:149) - node0 Scavenging every 600000ms
 INFO [2020-10-28 15:57:50,263] ({main} ContextHandler.java[doStart]:855) - Started o.e.j.w.WebAppContext@3b69e7d1{zeppelin-web,/,jar:file:///opt/zeppelin-0.9.0-preview1-bin-all/zeppelin-web-0.9.0-preview1.war!/,AVAILABLE}{/opt/zeppelin-0.9.0-preview1-bin-all/zeppelin-web-0.9.0-preview1.war}
 INFO [2020-10-28 15:57:50,365] ({main} StandardDescriptorProcessor.java[visitServlet]:283) - NO JSP Support for /next, did not find org.eclipse.jetty.jsp.JettyJspServlet
 INFO [2020-10-28 15:57:52,448] ({main} ContextHandler.java[doStart]:855) - Started o.e.j.w.WebAppContext@139982de{zeppelin-web-angular,/next,jar:file:///opt/zeppelin-0.9.0-preview1-bin-all/zeppelin-web-angular-0.9.0-preview1.war!/,AVAILABLE}{/opt/zeppelin-0.9.0-preview1-bin-all/zeppelin-web-angular-0.9.0-preview1.war}
 INFO [2020-10-28 15:57:52,796] ({main} AbstractConnector.java[doStart]:292) - Started ServerConnector@646d64ab{HTTP/1.1,[http/1.1]}{172.29.0.6:8080}
 INFO [2020-10-28 15:57:52,797] ({main} Server.java[doStart]:410) - Started @20117ms
 INFO [2020-10-28 15:57:57,797] ({main} ZeppelinServer.java[main]:265) - Done, zeppelin server started
